{"numFailedTestSuites":0,"numFailedTests":0,"numPassedTestSuites":1,"numPassedTests":2,"numPendingTestSuites":0,"numPendingTests":0,"numRuntimeErrorTestSuites":0,"numTotalTestSuites":1,"numTotalTests":2,"openHandles":[],"snapshot":{"added":0,"didUpdate":false,"failure":false,"filesAdded":0,"filesRemoved":0,"filesUnmatched":0,"filesUpdated":0,"matched":1,"total":1,"unchecked":0,"uncheckedKeysByFile":[],"unmatched":0,"updated":0},"startTime":1529950933947,"success":true,"testResults":[{"assertionResults":[{"ancestorTitles":["Button"],"failureMessages":[],"fullName":"Button matches the snapshot","location":null,"status":"passed","title":"matches the snapshot"},{"ancestorTitles":["Button"],"failureMessages":[],"fullName":"Button can be clicked","location":null,"status":"passed","title":"can be clicked"}],"endTime":1529950936992,"message":"","name":"/Users/sam/Developer/basically/components/Button/Button.spec.tsx","startTime":1529950934837,"status":"passed","summary":""}],"wasInterrupted":false}